TN:
SF:server.js
FN:12,(anonymous_0)
FN:16,(anonymous_1)
FN:27,(anonymous_2)
FNF:3
FNH:3
FNDA:5,(anonymous_0)
FNDA:5,(anonymous_1)
FNDA:1,(anonymous_2)
DA:1,1
DA:2,1
DA:3,1
DA:4,1
DA:5,1
DA:12,1
DA:13,5
DA:14,5
DA:16,4
DA:17,5
DA:19,5
DA:21,4
DA:23,1
DA:26,1
DA:27,1
DA:28,1
LF:16
LH:16
BRDA:14,0,0,4
BRDA:14,0,1,1
BRF:2
BRH:2
end_of_record
TN:
SF:validator.js
FN:2,(anonymous_0)
FN:2,(anonymous_1)
FNF:2
FNH:2
FNDA:1,(anonymous_0)
FNDA:5,(anonymous_1)
DA:1,1
DA:2,5
DA:10,1
DA:68,1
LF:4
LH:4
BRF:0
BRH:0
end_of_record
